TN:
SF:src\repositories\product.repository.ts
FN:6,(anonymous_7)
FN:21,(anonymous_9)
FN:25,(anonymous_11)
FN:30,(anonymous_13)
FN:34,(anonymous_15)
FNF:5
FNH:4
FNDA:1,(anonymous_7)
FNDA:2,(anonymous_9)
FNDA:1,(anonymous_11)
FNDA:0,(anonymous_13)
FNDA:2,(anonymous_15)
DA:2,1
DA:5,1
DA:7,1
DA:8,1
DA:10,1
DA:14,1
DA:15,1
DA:16,1
DA:18,1
DA:22,2
DA:26,1
DA:27,1
DA:31,0
DA:35,2
DA:36,2
LF:15
LH:14
BRDA:8,0,0,1
BRDA:10,1,0,1
BRDA:10,1,1,0
BRDA:11,2,0,1
BRDA:11,2,1,0
BRDA:14,3,0,1
BRDA:14,3,1,0
BRDA:14,4,0,1
BRDA:14,4,1,1
BRDA:15,5,0,1
BRDA:15,5,1,0
BRDA:15,6,0,1
BRDA:15,6,1,1
BRF:13
BRH:9
end_of_record
TN:
SF:src\schemas\product.schema.ts
FN:4,(anonymous_0)
FN:5,(anonymous_1)
FN:11,(anonymous_2)
FN:12,(anonymous_3)
FNF:4
FNH:2
FNDA:2,(anonymous_0)
FNDA:3,(anonymous_1)
FNDA:0,(anonymous_2)
FNDA:0,(anonymous_3)
DA:1,1
DA:3,1
DA:4,2
DA:5,3
DA:10,1
DA:11,0
DA:12,0
LF:7
LH:5
BRF:0
BRH:0
end_of_record
TN:
SF:src\services\product.service.ts
FN:7,(anonymous_7)
FN:11,(anonymous_8)
FN:15,(anonymous_10)
FN:19,(anonymous_12)
FN:23,(anonymous_14)
FN:27,(anonymous_16)
FNF:6
FNH:1
FNDA:12,(anonymous_7)
FNDA:0,(anonymous_8)
FNDA:0,(anonymous_10)
FNDA:0,(anonymous_12)
FNDA:0,(anonymous_14)
FNDA:0,(anonymous_16)
DA:1,1
DA:4,1
DA:8,12
DA:12,0
DA:16,0
DA:20,0
DA:24,0
DA:28,0
LF:8
LH:3
BRF:0
BRH:0
end_of_record
